11    execve("/usr/local/bin/realtime-chat", ["/usr/local/bin/realtime-chat"], 0x7fff001e8b68 /* 9 vars */) = 0
11    brk(NULL)                         = 0x55c0be962000
11    mmap(NULL, 8192, PROT_READ|PROT_WRITE, MAP_PRIVATE|MAP_ANONYMOUS, -1, 0) = 0x7ff7292d8000
11    access("/etc/ld.so.preload", R_OK) = -1 ENOENT (No such file or directory)
11    openat(AT_FDCWD, "/etc/ld.so.cache", O_RDONLY|O_CLOEXEC) = 3
11    newfstatat(3, "", {st_mode=S_IFREG|0644, st_size=4907, ...}, AT_EMPTY_PATH) = 0
11    mmap(NULL, 4907, PROT_READ, MAP_PRIVATE, 3, 0) = 0x7ff7292d6000
11    close(3)                          = 0
11    openat(AT_FDCWD, "/lib/x86_64-linux-gnu/libgcc_s.so.1", O_RDONLY|O_CLOEXEC) = 3
11    read(3, "\177ELF\2\1\1\0\0\0\0\0\0\0\0\0\3\0>\0\1\0\0\0\0\0\0\0\0\0\0\0"..., 832) = 832
11    newfstatat(3, "", {st_mode=S_IFREG|0644, st_size=125312, ...}, AT_EMPTY_PATH) = 0
11    mmap(NULL, 127688, PROT_READ, MAP_PRIVATE|MAP_DENYWRITE, 3, 0) = 0x7ff7292b6000
11    mmap(0x7ff7292b9000, 94208, PROT_READ|PROT_EXEC, MAP_PRIVATE|MAP_FIXED|MAP_DENYWRITE, 3, 0x3000) = 0x7ff7292b9000
11    mmap(0x7ff7292d0000, 16384, PROT_READ, MAP_PRIVATE|MAP_FIXED|MAP_DENYWRITE, 3, 0x1a000) = 0x7ff7292d0000
11    mmap(0x7ff7292d4000, 8192, PROT_READ|PROT_WRITE, MAP_PRIVATE|MAP_FIXED|MAP_DENYWRITE, 3, 0x1d000) = 0x7ff7292d4000
11    close(3)                          = 0
11    openat(AT_FDCWD, "/lib/x86_64-linux-gnu/libc.so.6", O_RDONLY|O_CLOEXEC) = 3
11    read(3, "\177ELF\2\1\1\3\0\0\0\0\0\0\0\0\3\0>\0\1\0\0\0\20t\2\0\0\0\0\0"..., 832) = 832
11    pread64(3, "\6\0\0\0\4\0\0\0@\0\0\0\0\0\0\0@\0\0\0\0\0\0\0@\0\0\0\0\0\0\0"..., 784, 64) = 784
11    newfstatat(3, "", {st_mode=S_IFREG|0755, st_size=1922136, ...}, AT_EMPTY_PATH) = 0
11    pread64(3, "\6\0\0\0\4\0\0\0@\0\0\0\0\0\0\0@\0\0\0\0\0\0\0@\0\0\0\0\0\0\0"..., 784, 64) = 784
11    mmap(NULL, 1970000, PROT_READ, MAP_PRIVATE|MAP_DENYWRITE, 3, 0) = 0x7ff7290d5000
11    mmap(0x7ff7290fb000, 1396736, PROT_READ|PROT_EXEC, MAP_PRIVATE|MAP_FIXED|MAP_DENYWRITE, 3, 0x26000) = 0x7ff7290fb000
11    mmap(0x7ff729250000, 339968, PROT_READ, MAP_PRIVATE|MAP_FIXED|MAP_DENYWRITE, 3, 0x17b000) = 0x7ff729250000
11    mmap(0x7ff7292a3000, 24576, PROT_READ|PROT_WRITE, MAP_PRIVATE|MAP_FIXED|MAP_DENYWRITE, 3, 0x1ce000) = 0x7ff7292a3000
11    mmap(0x7ff7292a9000, 53072, PROT_READ|PROT_WRITE, MAP_PRIVATE|MAP_FIXED|MAP_ANONYMOUS, -1, 0) = 0x7ff7292a9000
11    close(3)                          = 0
11    mmap(NULL, 12288, PROT_READ|PROT_WRITE, MAP_PRIVATE|MAP_ANONYMOUS, -1, 0) = 0x7ff7290d2000
11    arch_prctl(ARCH_SET_FS, 0x7ff7290d2780) = 0
11    set_tid_address(0x7ff7290d2a50)   = 11
11    set_robust_list(0x7ff7290d2a60, 24) = 0
11    rseq(0x7ff7290d30a0, 0x20, 0, 0x53053053) = 0
11    mprotect(0x7ff7292a3000, 16384, PROT_READ) = 0
11    mprotect(0x7ff7292d4000, 4096, PROT_READ) = 0
11    mprotect(0x55c0a01a6000, 16384, PROT_READ) = 0
11    mprotect(0x7ff729313000, 8192, PROT_READ) = 0
11    prlimit64(0, RLIMIT_STACK, NULL, {rlim_cur=8192*1024, rlim_max=RLIM64_INFINITY}) = 0
11    munmap(0x7ff7292d6000, 4907)      = 0
11    poll([{fd=0, events=0}, {fd=1, events=0}, {fd=2, events=0}], 3, 0) = 0 (Timeout)
11    rt_sigaction(SIGPIPE, {sa_handler=SIG_IGN, sa_mask=[PIPE], sa_flags=SA_RESTORER|SA_RESTART, sa_restorer=0x7ff729111050}, {sa_handler=SIG_DFL, sa_mask=[], sa_flags=0}, 8) = 0
11    getrandom("\x8f\x75\x6e\xd0\x8c\x29\xf3\xec", 8, GRND_NONBLOCK) = 8
11    brk(NULL)                         = 0x55c0be962000
11    brk(0x55c0be983000)               = 0x55c0be983000
11    openat(AT_FDCWD, "/proc/self/maps", O_RDONLY|O_CLOEXEC) = 3
11    prlimit64(0, RLIMIT_STACK, NULL, {rlim_cur=8192*1024, rlim_max=RLIM64_INFINITY}) = 0
11    newfstatat(3, "", {st_mode=S_IFREG|0444, st_size=0, ...}, AT_EMPTY_PATH) = 0
11    read(3, "55c0a0153000-55c0a0159000 r--p 0"..., 1024) = 1024
11    read(3, "               /usr/lib/x86_64-l"..., 1024) = 1024
11    read(3, "00000 00:00 0                   "..., 1024) = 811
11    close(3)                          = 0
11    sched_getaffinity(11, 32, [0 1 2 3 4 5 6 7]) = 8
11    rt_sigaction(SIGSEGV, NULL, {sa_handler=SIG_DFL, sa_mask=[], sa_flags=0}, 8) = 0
11    sigaltstack(NULL, {ss_sp=NULL, ss_flags=SS_DISABLE, ss_size=0}) = 0
11    mmap(NULL, 12288, PROT_READ|PROT_WRITE, MAP_PRIVATE|MAP_ANONYMOUS|MAP_STACK, -1, 0) = 0x7ff7290cf000
11    mprotect(0x7ff7290cf000, 4096, PROT_NONE) = 0
11    sigaltstack({ss_sp=0x7ff7290d0000, ss_flags=0, ss_size=8192}, NULL) = 0
11    rt_sigaction(SIGSEGV, {sa_handler=0x55c0a017bed0, sa_mask=[], sa_flags=SA_RESTORER|SA_ONSTACK|SA_SIGINFO, sa_restorer=0x7ff729111050}, NULL, 8) = 0
11    rt_sigaction(SIGBUS, NULL, {sa_handler=SIG_DFL, sa_mask=[], sa_flags=0}, 8) = 0
11    rt_sigaction(SIGBUS, {sa_handler=0x55c0a017bed0, sa_mask=[], sa_flags=SA_RESTORER|SA_ONSTACK|SA_SIGINFO, sa_restorer=0x7ff729111050}, NULL, 8) = 0
11    sigaltstack({ss_sp=NULL, ss_flags=SS_DISABLE, ss_size=8192}, NULL) = 0
11    munmap(0x7ff7290cf000, 12288)     = 0
11    exit_group(0)                     = ?
11    +++ exited with 0 +++
